2014-12-06 11:41:43,132 [Worker-4] INFO  o.e.m.c.i.l.LifecycleMappingFactory - Using org.maven.ide.eclipse.wtp.WarLifecycleMapping lifecycle mapping for MavenProject: CoachConnecXionWebApp:CoachConnecXionWebApp:3 @ C:\Users\mfervil\development\git2\coachconnecxion\CoachConnecXionWebApp\pom.xml.
2014-12-06 11:41:45,628 [Worker-6] INFO  o.e.m.c.i.l.LifecycleMappingFactory - Using org.maven.ide.eclipse.wtp.WarLifecycleMapping lifecycle mapping for MavenProject: CoachConnecXionWebApp:CoachConnecXionWebApp:3 @ C:\Users\mfervil\development\git2\coachconnecxion\CoachConnecXionWebApp\pom.xml.
2014-12-06 11:41:47,277 [Worker-4] WARN  o.e.m.c.i.embedder.EclipseLogger - The artifact org.apache.commons:commons-io:jar:1.3.2 has been relocated to commons-io:commons-io:jar:1.3.2
2014-12-06 11:41:48,200 [Worker-6] WARN  o.e.m.c.i.embedder.EclipseLogger - The artifact org.apache.commons:commons-io:jar:1.3.2 has been relocated to commons-io:commons-io:jar:1.3.2
2014-12-06 11:41:51,324 [Worker-6] WARN  o.e.m.c.i.embedder.EclipseLogger - The artifact org.apache.commons:commons-io:jar:1.3.2 has been relocated to commons-io:commons-io:jar:1.3.2
2014-12-06 11:41:53,378 [Worker-6] INFO  o.e.m.c.i.embedder.EclipseLogger - Using 'utf-8' encoding to copy filtered resources.
2014-12-06 11:41:53,385 [Worker-6] INFO  o.e.m.c.i.embedder.EclipseLogger - Copying 6 resources
2014-12-06 11:41:53,540 [Worker-6] INFO  o.e.m.c.i.embedder.EclipseLogger - Copying 2 resources
2014-12-06 11:41:53,598 [Worker-6] INFO  o.e.m.c.i.embedder.EclipseLogger - Using 'utf-8' encoding to copy filtered resources.
2014-12-06 11:41:53,601 [Worker-6] INFO  o.e.m.c.i.embedder.EclipseLogger - Copying 2 resources
2014-12-06 11:41:53,648 [Worker-9] INFO  o.e.m.c.i.l.LifecycleMappingFactory - Using org.maven.ide.eclipse.wtp.WarLifecycleMapping lifecycle mapping for MavenProject: CoachConnecXionWebApp:CoachConnecXionWebApp:3 @ C:\Users\mfervil\development\git2\coachconnecxion\CoachConnecXionWebApp\pom.xml.
2014-12-06 11:41:53,649 [Worker-6] INFO  o.e.m.c.i.embedder.EclipseLogger - Copying 1 resource
2014-12-06 11:41:55,900 [Worker-9] WARN  o.e.m.c.i.embedder.EclipseLogger - The artifact org.apache.commons:commons-io:jar:1.3.2 has been relocated to commons-io:commons-io:jar:1.3.2
2014-12-06 11:41:57,812 [Worker-9] INFO  o.e.m.c.i.l.LifecycleMappingFactory - Using org.maven.ide.eclipse.wtp.WarLifecycleMapping lifecycle mapping for MavenProject: CoachConnecXionWebApp:CoachConnecXionWebApp:3 @ C:\Users\mfervil\development\git2\coachconnecxion\CoachConnecXionWebApp\pom.xml.
2014-12-06 11:41:57,883 [Worker-9] WARN  o.e.m.c.i.embedder.EclipseLogger - The artifact org.apache.commons:commons-io:jar:1.3.2 has been relocated to commons-io:commons-io:jar:1.3.2
2014-12-06 11:42:00,459 [Worker-9] WARN  o.e.m.c.i.embedder.EclipseLogger - The artifact org.apache.commons:commons-io:jar:1.3.2 has been relocated to commons-io:commons-io:jar:1.3.2
2014-12-06 11:42:01,280 [Worker-9] WARN  o.e.m.c.i.embedder.EclipseLogger - The artifact org.apache.commons:commons-io:jar:1.3.2 has been relocated to commons-io:commons-io:jar:1.3.2
2014-12-06 11:42:32,007 [Worker-12] WARN  o.e.m.c.i.embedder.EclipseLogger - The artifact org.apache.commons:commons-io:jar:1.3.2 has been relocated to commons-io:commons-io:jar:1.3.2
2014-12-06 11:42:32,407 [Worker-12] INFO  o.e.m.c.i.embedder.EclipseLogger - Using 'utf-8' encoding to copy filtered resources.
2014-12-06 11:42:32,415 [Worker-12] INFO  o.e.m.c.i.embedder.EclipseLogger - Copying 6 resources
2014-12-06 11:42:32,446 [Worker-12] INFO  o.e.m.c.i.embedder.EclipseLogger - Copying 2 resources
2014-12-06 11:42:32,468 [Worker-12] INFO  o.e.m.c.i.embedder.EclipseLogger - Using 'utf-8' encoding to copy filtered resources.
2014-12-06 11:42:32,471 [Worker-12] INFO  o.e.m.c.i.embedder.EclipseLogger - Copying 2 resources
2014-12-06 11:42:32,483 [Worker-12] INFO  o.e.m.c.i.embedder.EclipseLogger - Copying 1 resource
2014-12-06 11:44:17,876 [Worker-12] INFO  o.e.m.c.i.embedder.EclipseLogger - Using 'utf-8' encoding to copy filtered resources.
2014-12-06 11:44:17,877 [Worker-12] INFO  o.e.m.c.i.embedder.EclipseLogger - Copying 0 resource
2014-12-06 11:44:17,877 [Worker-12] INFO  o.e.m.c.i.embedder.EclipseLogger - Copying 0 resource
2014-12-06 11:44:17,879 [Worker-12] INFO  o.e.m.c.i.embedder.EclipseLogger - Using 'utf-8' encoding to copy filtered resources.
2014-12-06 11:44:17,880 [Worker-12] INFO  o.e.m.c.i.embedder.EclipseLogger - Copying 0 resource
2014-12-06 11:44:17,880 [Worker-12] INFO  o.e.m.c.i.embedder.EclipseLogger - Copying 0 resource
2014-12-06 11:44:30,426 [Worker-30] INFO  o.e.m.c.i.embedder.EclipseLogger - Using 'utf-8' encoding to copy filtered resources.
2014-12-06 11:44:30,438 [Worker-30] INFO  o.e.m.c.i.embedder.EclipseLogger - Copying 6 resources
2014-12-06 11:44:30,479 [Worker-30] INFO  o.e.m.c.i.embedder.EclipseLogger - Copying 2 resources
2014-12-06 11:44:30,496 [Worker-30] INFO  o.e.m.c.i.embedder.EclipseLogger - Using 'utf-8' encoding to copy filtered resources.
2014-12-06 11:44:30,498 [Worker-30] INFO  o.e.m.c.i.embedder.EclipseLogger - Copying 2 resources
2014-12-06 11:44:30,507 [Worker-30] INFO  o.e.m.c.i.embedder.EclipseLogger - Copying 1 resource
2014-12-06 11:45:10,871 [Worker-45] INFO  o.e.m.i.launch.MavenLaunchDelegate - C:\Users\mfervil\development\git2\coachconnecxion\CoachConnecXionWebApp
2014-12-06 11:45:10,872 [Worker-45] INFO  o.e.m.i.launch.MavenLaunchDelegate -  mvn  -B install
2014-12-06 11:45:44,875 [Worker-55] INFO  o.e.m.c.i.embedder.EclipseLogger - Using 'utf-8' encoding to copy filtered resources.
2014-12-06 11:45:44,879 [Worker-55] INFO  o.e.m.c.i.embedder.EclipseLogger - Copying 6 resources
2014-12-06 11:45:44,900 [Worker-55] INFO  o.e.m.c.i.embedder.EclipseLogger - Copying 2 resources
2014-12-06 11:45:44,903 [Worker-55] INFO  o.e.m.c.i.embedder.EclipseLogger - Using 'utf-8' encoding to copy filtered resources.
2014-12-06 11:45:44,905 [Worker-55] INFO  o.e.m.c.i.embedder.EclipseLogger - Copying 2 resources
2014-12-06 11:45:44,914 [Worker-55] INFO  o.e.m.c.i.embedder.EclipseLogger - Copying 1 resource
2014-12-06 12:33:06,124 [Worker-84] INFO  o.e.m.c.i.embedder.EclipseLogger - Using 'utf-8' encoding to copy filtered resources.
2014-12-06 12:33:06,125 [Worker-84] INFO  o.e.m.c.i.embedder.EclipseLogger - Copying 0 resource
2014-12-06 12:33:06,125 [Worker-84] INFO  o.e.m.c.i.embedder.EclipseLogger - Copying 0 resource
2014-12-06 12:33:06,127 [Worker-84] INFO  o.e.m.c.i.embedder.EclipseLogger - Using 'utf-8' encoding to copy filtered resources.
2014-12-06 12:33:06,132 [Worker-84] INFO  o.e.m.c.i.embedder.EclipseLogger - Copying 0 resource
2014-12-06 12:33:06,132 [Worker-84] INFO  o.e.m.c.i.embedder.EclipseLogger - Copying 0 resource
2014-12-06 12:33:24,030 [Worker-21] INFO  o.e.m.c.i.embedder.EclipseLogger - Using 'utf-8' encoding to copy filtered resources.
2014-12-06 12:33:24,031 [Worker-21] INFO  o.e.m.c.i.embedder.EclipseLogger - Copying 0 resource
2014-12-06 12:33:24,031 [Worker-21] INFO  o.e.m.c.i.embedder.EclipseLogger - Copying 0 resource
2014-12-06 12:33:24,033 [Worker-21] INFO  o.e.m.c.i.embedder.EclipseLogger - Using 'utf-8' encoding to copy filtered resources.
2014-12-06 12:33:24,034 [Worker-21] INFO  o.e.m.c.i.embedder.EclipseLogger - Copying 0 resource
2014-12-06 12:33:24,034 [Worker-21] INFO  o.e.m.c.i.embedder.EclipseLogger - Copying 0 resource
2014-12-06 12:36:30,572 [Worker-5] WARN  o.e.m.c.i.embedder.EclipseLogger - The artifact org.apache.commons:commons-io:jar:1.3.2 has been relocated to commons-io:commons-io:jar:1.3.2
2014-12-06 12:36:31,927 [Worker-5] INFO  o.e.m.c.i.embedder.EclipseLogger - Using 'utf-8' encoding to copy filtered resources.
2014-12-06 12:36:31,932 [Worker-5] INFO  o.e.m.c.i.embedder.EclipseLogger - Copying 6 resources
2014-12-06 12:36:31,975 [Worker-5] INFO  o.e.m.c.i.embedder.EclipseLogger - Copying 2 resources
2014-12-06 12:36:31,978 [Worker-5] INFO  o.e.m.c.i.embedder.EclipseLogger - Using 'utf-8' encoding to copy filtered resources.
2014-12-06 12:36:31,979 [Worker-5] INFO  o.e.m.c.i.embedder.EclipseLogger - Copying 2 resources
2014-12-06 12:36:31,987 [Worker-5] INFO  o.e.m.c.i.embedder.EclipseLogger - Copying 1 resource
2014-12-06 12:36:55,315 [Worker-6] INFO  o.e.m.c.i.embedder.EclipseLogger - Using 'utf-8' encoding to copy filtered resources.
2014-12-06 12:36:55,317 [Worker-6] INFO  o.e.m.c.i.embedder.EclipseLogger - Copying 0 resource
2014-12-06 12:36:55,318 [Worker-6] INFO  o.e.m.c.i.embedder.EclipseLogger - Copying 0 resource
2014-12-06 12:36:55,319 [Worker-6] INFO  o.e.m.c.i.embedder.EclipseLogger - Using 'utf-8' encoding to copy filtered resources.
2014-12-06 12:36:55,320 [Worker-6] INFO  o.e.m.c.i.embedder.EclipseLogger - Copying 0 resource
2014-12-06 12:36:55,320 [Worker-6] INFO  o.e.m.c.i.embedder.EclipseLogger - Copying 0 resource
2014-12-06 15:23:50,197 [Worker-6] INFO  o.e.m.c.i.embedder.EclipseLogger - Using 'utf-8' encoding to copy filtered resources.
2014-12-06 15:23:50,206 [Worker-6] INFO  o.e.m.c.i.embedder.EclipseLogger - Copying 6 resources
2014-12-06 15:23:50,230 [Worker-6] INFO  o.e.m.c.i.embedder.EclipseLogger - Copying 2 resources
2014-12-06 15:23:50,233 [Worker-6] INFO  o.e.m.c.i.embedder.EclipseLogger - Using 'utf-8' encoding to copy filtered resources.
2014-12-06 15:23:50,234 [Worker-6] INFO  o.e.m.c.i.embedder.EclipseLogger - Copying 0 resource
2014-12-06 15:23:50,234 [Worker-6] INFO  o.e.m.c.i.embedder.EclipseLogger - Copying 0 resource
2014-12-06 15:41:47,623 [Worker-18] INFO  o.e.m.c.i.embedder.EclipseLogger - Using 'utf-8' encoding to copy filtered resources.
2014-12-06 15:41:47,627 [Worker-18] INFO  o.e.m.c.i.embedder.EclipseLogger - Copying 6 resources
2014-12-06 15:41:47,653 [Worker-18] INFO  o.e.m.c.i.embedder.EclipseLogger - Copying 2 resources
2014-12-06 15:41:47,655 [Worker-18] INFO  o.e.m.c.i.embedder.EclipseLogger - Using 'utf-8' encoding to copy filtered resources.
2014-12-06 15:41:47,656 [Worker-18] INFO  o.e.m.c.i.embedder.EclipseLogger - Copying 0 resource
2014-12-06 15:41:47,657 [Worker-18] INFO  o.e.m.c.i.embedder.EclipseLogger - Copying 0 resource
